{
  "RSpec": {
    "coverage": {
      "/home/iafanasyevaa-41781/code/labs/tic-tac-toe-rb-ruby-intro-kwk/lib/tic_tac_toe.rb": [
        1,
        null,
        null,
        null,
        null,
        null,
        null,
        null,
        null,
        null,
        null,
        1,
        24,
        24,
        24,
        24,
        24,
        null,
        null,
        1,
        23,
        null,
        null,
        1,
        22,
        null,
        null,
        1,
        25,
        null,
        null,
        1,
        23,
        null,
        null,
        1,
        20,
        20,
        20,
        20,
        19,
        19,
        null,
        1,
        null,
        null,
        null,
        1,
        21,
        21,
        189,
        31,
        null,
        null,
        21,
        null,
        null,
        1,
        20,
        null,
        null,
        1,
        56,
        56,
        1366,
        24,
        null,
        null,
        56,
        32,
        null,
        24,
        null,
        null,
        null,
        1,
        142,
        null,
        null,
        1,
        13,
        null,
        null,
        1,
        21,
        null,
        null,
        1,
        7,
        6,
        null,
        null,
        null,
        1,
        12,
        17,
        null,
        12,
        5,
        null,
        7,
        null,
        null
      ]
    },
    "timestamp": 1483531188
  }
}
